Analysis & Synthesis report for aula13
Wed May 01 16:33:08 2024
Quartus Prime Version 20.1.0 Build 711 06/05/2020 SJ Lite Edition


---------------------
; Table of Contents ;
---------------------
  1. Legal Notice
  2. Analysis & Synthesis Summary
  3. Analysis & Synthesis Settings
  4. Parallel Compilation
  5. Analysis & Synthesis Messages



----------------
; Legal Notice ;
----------------
Copyright (C) 2020  Intel Corporation. All rights reserved.
Your use of Intel Corporation's design tools, logic functions 
and other software and tools, and any partner logic 
functions, and any output files from any of the foregoing 
(including device programming or simulation files), and any 
associated documentation or information are expressly subject 
to the terms and conditions of the Intel Program License 
Subscription Agreement, the Intel Quartus Prime License Agreement,
the Intel FPGA IP License Agreement, or other applicable license
agreement, including, without limitation, that your use is for
the sole purpose of programming logic devices manufactured by
Intel and sold by Intel or its authorized distributors.  Please
refer to the applicable agreement for further details, at
https://fpgasoftware.intel.com/eula.



+---------------------------------------------------------------------------+
; Analysis & Synthesis Summary                                              ;
+-----------------------------+---------------------------------------------+
; Analysis & Synthesis Status ; Failed - Wed May 01 16:33:08 2024           ;
; Quartus Prime Version       ; 20.1.0 Build 711 06/05/2020 SJ Lite Edition ;
; Revision Name               ; aula13                                      ;
; Top-level Entity Name       ; top_level                                   ;
; Family                      ; Cyclone V                                   ;
; Logic utilization (in ALMs) ; N/A until Partition Merge                   ;
; Total registers             ; N/A until Partition Merge                   ;
; Total pins                  ; N/A until Partition Merge                   ;
; Total virtual pins          ; N/A until Partition Merge                   ;
; Total block memory bits     ; N/A until Partition Merge                   ;
; Total PLLs                  ; N/A until Partition Merge                   ;
; Total DLLs                  ; N/A until Partition Merge                   ;
+-----------------------------+---------------------------------------------+


+---------------------------------------------------------------------------------------------------------------------------+
; Analysis & Synthesis Settings                                                                                             ;
+---------------------------------------------------------------------------------+--------------------+--------------------+
; Option                                                                          ; Setting            ; Default Value      ;
+---------------------------------------------------------------------------------+--------------------+--------------------+
; Device                                                                          ; 5CGXFC7C7F23C8     ;                    ;
; Top-level entity name                                                           ; top_level          ; aula13             ;
; Family name                                                                     ; Cyclone V          ; Cyclone V          ;
; VHDL Show LMF Mapping Messages                                                  ; Off                ;                    ;
; VHDL Version                                                                    ; VHDL_2008          ; VHDL_1993          ;
; Use smart compilation                                                           ; Off                ; Off                ;
; Enable parallel Assembler and Timing Analyzer during compilation                ; On                 ; On                 ;
; Enable compact report table                                                     ; Off                ; Off                ;
; Restructure Multiplexers                                                        ; Auto               ; Auto               ;
; MLAB Add Timing Constraints For Mixed-Port Feed-Through Mode Setting Don't Care ; Off                ; Off                ;
; Create Debugging Nodes for IP Cores                                             ; Off                ; Off                ;
; Preserve fewer node names                                                       ; On                 ; On                 ;
; Intel FPGA IP Evaluation Mode                                                   ; Enable             ; Enable             ;
; Verilog Version                                                                 ; Verilog_2001       ; Verilog_2001       ;
; State Machine Processing                                                        ; Auto               ; Auto               ;
; Safe State Machine                                                              ; Off                ; Off                ;
; Extract Verilog State Machines                                                  ; On                 ; On                 ;
; Extract VHDL State Machines                                                     ; On                 ; On                 ;
; Ignore Verilog initial constructs                                               ; Off                ; Off                ;
; Iteration limit for constant Verilog loops                                      ; 5000               ; 5000               ;
; Iteration limit for non-constant Verilog loops                                  ; 250                ; 250                ;
; Add Pass-Through Logic to Inferred RAMs                                         ; On                 ; On                 ;
; Infer RAMs from Raw Logic                                                       ; On                 ; On                 ;
; Parallel Synthesis                                                              ; On                 ; On                 ;
; DSP Block Balancing                                                             ; Auto               ; Auto               ;
; NOT Gate Push-Back                                                              ; On                 ; On                 ;
; Power-Up Don't Care                                                             ; On                 ; On                 ;
; Remove Redundant Logic Cells                                                    ; Off                ; Off                ;
; Remove Duplicate Registers                                                      ; On                 ; On                 ;
; Ignore CARRY Buffers                                                            ; Off                ; Off                ;
; Ignore CASCADE Buffers                                                          ; Off                ; Off                ;
; Ignore GLOBAL Buffers                                                           ; Off                ; Off                ;
; Ignore ROW GLOBAL Buffers                                                       ; Off                ; Off                ;
; Ignore LCELL Buffers                                                            ; Off                ; Off                ;
; Ignore SOFT Buffers                                                             ; On                 ; On                 ;
; Limit AHDL Integers to 32 Bits                                                  ; Off                ; Off                ;
; Optimization Technique                                                          ; Balanced           ; Balanced           ;
; Carry Chain Length                                                              ; 70                 ; 70                 ;
; Auto Carry Chains                                                               ; On                 ; On                 ;
; Auto Open-Drain Pins                                                            ; On                 ; On                 ;
; Perform WYSIWYG Primitive Resynthesis                                           ; Off                ; Off                ;
; Auto ROM Replacement                                                            ; On                 ; On                 ;
; Auto RAM Replacement                                                            ; On                 ; On                 ;
; Auto DSP Block Replacement                                                      ; On                 ; On                 ;
; Auto Shift Register Replacement                                                 ; Auto               ; Auto               ;
; Allow Shift Register Merging across Hierarchies                                 ; Auto               ; Auto               ;
; Auto Clock Enable Replacement                                                   ; On                 ; On                 ;
; Strict RAM Replacement                                                          ; Off                ; Off                ;
; Allow Synchronous Control Signals                                               ; On                 ; On                 ;
; Force Use of Synchronous Clear Signals                                          ; Off                ; Off                ;
; Auto Resource Sharing                                                           ; Off                ; Off                ;
; Allow Any RAM Size For Recognition                                              ; Off                ; Off                ;
; Allow Any ROM Size For Recognition                                              ; Off                ; Off                ;
; Allow Any Shift Register Size For Recognition                                   ; Off                ; Off                ;
; Use LogicLock Constraints during Resource Balancing                             ; On                 ; On                 ;
; Ignore translate_off and synthesis_off directives                               ; Off                ; Off                ;
; Timing-Driven Synthesis                                                         ; On                 ; On                 ;
; Report Parameter Settings                                                       ; On                 ; On                 ;
; Report Source Assignments                                                       ; On                 ; On                 ;
; Report Connectivity Checks                                                      ; On                 ; On                 ;
; Ignore Maximum Fan-Out Assignments                                              ; Off                ; Off                ;
; Synchronization Register Chain Length                                           ; 3                  ; 3                  ;
; Power Optimization During Synthesis                                             ; Normal compilation ; Normal compilation ;
; HDL message level                                                               ; Level2             ; Level2             ;
; Suppress Register Optimization Related Messages                                 ; Off                ; Off                ;
; Number of Removed Registers Reported in Synthesis Report                        ; 5000               ; 5000               ;
; Number of Swept Nodes Reported in Synthesis Report                              ; 5000               ; 5000               ;
; Number of Inverted Registers Reported in Synthesis Report                       ; 100                ; 100                ;
; Clock MUX Protection                                                            ; On                 ; On                 ;
; Auto Gated Clock Conversion                                                     ; Off                ; Off                ;
; Block Design Naming                                                             ; Auto               ; Auto               ;
; SDC constraint protection                                                       ; Off                ; Off                ;
; Synthesis Effort                                                                ; Auto               ; Auto               ;
; Shift Register Replacement - Allow Asynchronous Clear Signal                    ; On                 ; On                 ;
; Pre-Mapping Resynthesis Optimization                                            ; Off                ; Off                ;
; Analysis & Synthesis Message Level                                              ; Medium             ; Medium             ;
; Disable Register Merging Across Hierarchies                                     ; Auto               ; Auto               ;
; Resource Aware Inference For Block RAM                                          ; On                 ; On                 ;
; Automatic Parallel Synthesis                                                    ; On                 ; On                 ;
; Partial Reconfiguration Bitstream ID                                            ; Off                ; Off                ;
+---------------------------------------------------------------------------------+--------------------+--------------------+


+------------------------------------------+
; Parallel Compilation                     ;
+----------------------------+-------------+
; Processors                 ; Number      ;
+----------------------------+-------------+
; Number detected on machine ; 8           ;
; Maximum allowed            ; 4           ;
;                            ;             ;
; Average used               ; 1.00        ;
; Maximum used               ; 1           ;
;                            ;             ;
; Usage by Processor         ; % Time Used ;
;     Processor 1            ; 100.0%      ;
+----------------------------+-------------+


+-------------------------------+
; Analysis & Synthesis Messages ;
+-------------------------------+
Info: *******************************************************************
Info: Running Quartus Prime Analysis & Synthesis
    Info: Version 20.1.0 Build 711 06/05/2020 SJ Lite Edition
    Info: Processing started: Wed May 01 16:32:57 2024
Info: Command: quartus_map --read_settings_files=on --write_settings_files=off aula13 -c aula13
Warning (18236): Number of processors has not been specified which may cause overloading on shared machines.  Set the global assignment NUM_PARALLEL_PROCESSORS in your QSF to an appropriate value for best performance.
Info (20030): Parallel compilation is enabled and will use 4 of the 4 processors detected
Info (12021): Found 2 design units, including 1 entities, in source file ulasomasub.vhd
    Info (12022): Found design unit 1: ULASomaSub-comportamento File: C:/Users/Alberto/INSPER/6 SEM/DESCOMP/AULA13/AULA13_CORRETO/ULASomaSub.vhd Line: 14
    Info (12023): Found entity 1: ULASomaSub File: C:/Users/Alberto/INSPER/6 SEM/DESCOMP/AULA13/AULA13_CORRETO/ULASomaSub.vhd Line: 5
Info (12021): Found 2 design units, including 1 entities, in source file top_level.vhd
    Info (12022): Found design unit 1: top_level-arquitetura File: C:/Users/Alberto/INSPER/6 SEM/DESCOMP/AULA13/AULA13_CORRETO/top_level.vhd Line: 29
    Info (12023): Found entity 1: top_level File: C:/Users/Alberto/INSPER/6 SEM/DESCOMP/AULA13/AULA13_CORRETO/top_level.vhd Line: 4
Info (12021): Found 2 design units, including 1 entities, in source file somaconstante.vhd
    Info (12022): Found design unit 1: somaConstante-comportamento File: C:/Users/Alberto/INSPER/6 SEM/DESCOMP/AULA13/AULA13_CORRETO/somaConstante.vhd Line: 18
    Info (12023): Found entity 1: somaConstante File: C:/Users/Alberto/INSPER/6 SEM/DESCOMP/AULA13/AULA13_CORRETO/somaConstante.vhd Line: 5
Info (12021): Found 2 design units, including 1 entities, in source file rommips.vhd
    Info (12022): Found design unit 1: ROMMIPS-assincrona File: C:/Users/Alberto/INSPER/6 SEM/DESCOMP/AULA13/AULA13_CORRETO/ROMMIPS.vhd Line: 16
    Info (12023): Found entity 1: ROMMIPS File: C:/Users/Alberto/INSPER/6 SEM/DESCOMP/AULA13/AULA13_CORRETO/ROMMIPS.vhd Line: 6
Info (12021): Found 2 design units, including 1 entities, in source file registradorgenerico.vhd
    Info (12022): Found design unit 1: registradorGenerico-comportamento File: C:/Users/Alberto/INSPER/6 SEM/DESCOMP/AULA13/AULA13_CORRETO/registradorGenerico.vhd Line: 15
    Info (12023): Found entity 1: registradorGenerico File: C:/Users/Alberto/INSPER/6 SEM/DESCOMP/AULA13/AULA13_CORRETO/registradorGenerico.vhd Line: 4
Info (12021): Found 2 design units, including 1 entities, in source file muxgenerico4x1.vhd
    Info (12022): Found design unit 1: muxGenerico4x1-comportamento File: C:/Users/Alberto/INSPER/6 SEM/DESCOMP/AULA13/AULA13_CORRETO/muxGenerico4x1.vhd Line: 14
    Info (12023): Found entity 1: muxGenerico4x1 File: C:/Users/Alberto/INSPER/6 SEM/DESCOMP/AULA13/AULA13_CORRETO/muxGenerico4x1.vhd Line: 4
Info (12021): Found 2 design units, including 1 entities, in source file muxgenerico2x1.vhd
    Info (12022): Found design unit 1: muxGenerico2x1-comportamento File: C:/Users/Alberto/INSPER/6 SEM/DESCOMP/AULA13/AULA13_CORRETO/muxGenerico2x1.vhd Line: 14
    Info (12023): Found entity 1: muxGenerico2x1 File: C:/Users/Alberto/INSPER/6 SEM/DESCOMP/AULA13/AULA13_CORRETO/muxGenerico2x1.vhd Line: 4
Info (12021): Found 2 design units, including 1 entities, in source file memoriarom.vhd
    Info (12022): Found design unit 1: memoriaROM-assincrona File: C:/Users/Alberto/INSPER/6 SEM/DESCOMP/AULA13/AULA13_CORRETO/memoriaROM.vhd Line: 16
    Info (12023): Found entity 1: memoriaROM File: C:/Users/Alberto/INSPER/6 SEM/DESCOMP/AULA13/AULA13_CORRETO/memoriaROM.vhd Line: 5
Info (12021): Found 2 design units, including 1 entities, in source file memoriaram.vhd
    Info (12022): Found design unit 1: memoriaRAM-rtl File: C:/Users/Alberto/INSPER/6 SEM/DESCOMP/AULA13/AULA13_CORRETO/memoriaRAM.vhd Line: 22
    Info (12023): Found entity 1: memoriaRAM File: C:/Users/Alberto/INSPER/6 SEM/DESCOMP/AULA13/AULA13_CORRETO/memoriaRAM.vhd Line: 5
Info (12021): Found 2 design units, including 1 entities, in source file logicadesvio.vhd
    Info (12022): Found design unit 1: logicaDesvio-comportamento File: C:/Users/Alberto/INSPER/6 SEM/DESCOMP/AULA13/AULA13_CORRETO/logicaDesvio.vhd Line: 15
    Info (12023): Found entity 1: logicaDesvio File: C:/Users/Alberto/INSPER/6 SEM/DESCOMP/AULA13/AULA13_CORRETO/logicaDesvio.vhd Line: 4
Info (12021): Found 2 design units, including 1 entities, in source file flipflopgenerico.vhd
    Info (12022): Found design unit 1: flipflopGenerico-comportamento File: C:/Users/Alberto/INSPER/6 SEM/DESCOMP/AULA13/AULA13_CORRETO/flipflopGenerico.vhd Line: 12
    Info (12023): Found entity 1: flipflopGenerico File: C:/Users/Alberto/INSPER/6 SEM/DESCOMP/AULA13/AULA13_CORRETO/flipflopGenerico.vhd Line: 4
Info (12021): Found 3 design units, including 1 entities, in source file edgedetector.vhd
    Info (12022): Found design unit 1: edgeDetector-bordaSubida File: C:/Users/Alberto/INSPER/6 SEM/DESCOMP/AULA13/AULA13_CORRETO/edgeDetector.vhd Line: 10
    Info (12022): Found design unit 2: edgeDetector-bordaDescida File: C:/Users/Alberto/INSPER/6 SEM/DESCOMP/AULA13/AULA13_CORRETO/edgeDetector.vhd Line: 23
    Info (12023): Found entity 1: edgeDetector File: C:/Users/Alberto/INSPER/6 SEM/DESCOMP/AULA13/AULA13_CORRETO/edgeDetector.vhd Line: 4
Info (12021): Found 2 design units, including 1 entities, in source file divisorgenerico_e_interface.vhd
    Info (12022): Found design unit 1: divisorGenerico_e_Interface-interface File: C:/Users/Alberto/INSPER/6 SEM/DESCOMP/AULA13/AULA13_CORRETO/divisorGenerico_e_Interface.vhd Line: 14
    Info (12023): Found entity 1: divisorGenerico_e_Interface File: C:/Users/Alberto/INSPER/6 SEM/DESCOMP/AULA13/AULA13_CORRETO/divisorGenerico_e_Interface.vhd Line: 5
Info (12021): Found 2 design units, including 1 entities, in source file divisorgenerico.vhd
    Info (12022): Found design unit 1: divisorGenerico-divInteiro File: C:/Users/Alberto/INSPER/6 SEM/DESCOMP/AULA13/AULA13_CORRETO/divisorGenerico.vhd Line: 15
    Info (12023): Found entity 1: divisorGenerico File: C:/Users/Alberto/INSPER/6 SEM/DESCOMP/AULA13/AULA13_CORRETO/divisorGenerico.vhd Line: 5
Info (12021): Found 2 design units, including 1 entities, in source file decoderinstru.vhd
    Info (12022): Found design unit 1: decoderInstru-comportamento File: C:/Users/Alberto/INSPER/6 SEM/DESCOMP/AULA13/AULA13_CORRETO/decoderInstru.vhd Line: 10
    Info (12023): Found entity 1: decoderInstru File: C:/Users/Alberto/INSPER/6 SEM/DESCOMP/AULA13/AULA13_CORRETO/decoderInstru.vhd Line: 4
Info (12021): Found 2 design units, including 1 entities, in source file decoder3x8.vhd
    Info (12022): Found design unit 1: decoder3x8-comportamento File: C:/Users/Alberto/INSPER/6 SEM/DESCOMP/AULA13/AULA13_CORRETO/decoder3x8.vhd Line: 10
    Info (12023): Found entity 1: decoder3x8 File: C:/Users/Alberto/INSPER/6 SEM/DESCOMP/AULA13/AULA13_CORRETO/decoder3x8.vhd Line: 4
Info (12021): Found 2 design units, including 1 entities, in source file cpu.vhd
    Info (12022): Found design unit 1: CPU-arquitetura File: C:/Users/Alberto/INSPER/6 SEM/DESCOMP/AULA13/AULA13_CORRETO/CPU.vhd Line: 23
    Info (12023): Found entity 1: CPU File: C:/Users/Alberto/INSPER/6 SEM/DESCOMP/AULA13/AULA13_CORRETO/CPU.vhd Line: 4
Info (12021): Found 2 design units, including 1 entities, in source file conversorhex7seg.vhd
    Info (12022): Found design unit 1: conversorHex7Seg-comportamento File: C:/Users/Alberto/INSPER/6 SEM/DESCOMP/AULA13/AULA13_CORRETO/conversorHex7Seg.vhd Line: 17
    Info (12023): Found entity 1: conversorHex7Seg File: C:/Users/Alberto/INSPER/6 SEM/DESCOMP/AULA13/AULA13_CORRETO/conversorHex7Seg.vhd Line: 4
Info (12021): Found 2 design units, including 1 entities, in source file buffer_3_state_8portas.vhd
    Info (12022): Found design unit 1: buffer_3_state_8portas-comportamento File: C:/Users/Alberto/INSPER/6 SEM/DESCOMP/AULA13/AULA13_CORRETO/buffer_3_state_8portas.vhd Line: 11
    Info (12023): Found entity 1: buffer_3_state_8portas File: C:/Users/Alberto/INSPER/6 SEM/DESCOMP/AULA13/AULA13_CORRETO/buffer_3_state_8portas.vhd Line: 4
Info (12021): Found 2 design units, including 1 entities, in source file banco_reg.vhd
    Info (12022): Found design unit 1: bancoReg-comportamento File: C:/Users/Alberto/INSPER/6 SEM/DESCOMP/AULA13/AULA13_CORRETO/banco_reg.vhd Line: 30
    Info (12023): Found entity 1: bancoReg File: C:/Users/Alberto/INSPER/6 SEM/DESCOMP/AULA13/AULA13_CORRETO/banco_reg.vhd Line: 7
Info (12021): Found 2 design units, including 1 entities, in source file bancoregistradoresarqregreg.vhd
    Info (12022): Found design unit 1: bancoRegistradoresArqRegReg-comportamento File: C:/Users/Alberto/INSPER/6 SEM/DESCOMP/AULA13/AULA13_CORRETO/bancoRegistradoresArqRegReg.vhd Line: 26
    Info (12023): Found entity 1: bancoRegistradoresArqRegReg File: C:/Users/Alberto/INSPER/6 SEM/DESCOMP/AULA13/AULA13_CORRETO/bancoRegistradoresArqRegReg.vhd Line: 5
Info (12021): Found 2 design units, including 1 entities, in source file bancoregistradoresarqregmem.vhd
    Info (12022): Found design unit 1: bancoRegistradoresArqRegMem-comportamento File: C:/Users/Alberto/INSPER/6 SEM/DESCOMP/AULA13/AULA13_CORRETO/bancoRegistradoresArqRegMem.vhd Line: 23
    Info (12023): Found entity 1: bancoRegistradoresArqRegMem File: C:/Users/Alberto/INSPER/6 SEM/DESCOMP/AULA13/AULA13_CORRETO/bancoRegistradoresArqRegMem.vhd Line: 5
Info (12021): Found 2 design units, including 1 entities, in source file memoriarom_mips.vhd
    Info (12022): Found design unit 1: memoriaROM_mips-assincrona File: C:/Users/Alberto/INSPER/6 SEM/DESCOMP/AULA13/AULA13_CORRETO/memoriaROM_mips.vhd Line: 16
    Info (12023): Found entity 1: memoriaROM_mips File: C:/Users/Alberto/INSPER/6 SEM/DESCOMP/AULA13/AULA13_CORRETO/memoriaROM_mips.vhd Line: 5
Info (12127): Elaborating entity "top_level" for the top level hierarchy
Warning (10036): Verilog HDL or VHDL warning at top_level.vhd(40): object "desativado_equal" assigned a value but never read File: C:/Users/Alberto/INSPER/6 SEM/DESCOMP/AULA13/AULA13_CORRETO/top_level.vhd Line: 40
Info (12128): Elaborating entity "somaConstante" for hierarchy "somaConstante:Somador" File: C:/Users/Alberto/INSPER/6 SEM/DESCOMP/AULA13/AULA13_CORRETO/top_level.vhd Line: 49
Info (12128): Elaborating entity "registradorGenerico" for hierarchy "registradorGenerico:PC" File: C:/Users/Alberto/INSPER/6 SEM/DESCOMP/AULA13/AULA13_CORRETO/top_level.vhd Line: 53
Info (12128): Elaborating entity "memoriaROM_mips" for hierarchy "memoriaROM_mips:ROM1" File: C:/Users/Alberto/INSPER/6 SEM/DESCOMP/AULA13/AULA13_CORRETO/top_level.vhd Line: 61
Warning (10639): VHDL warning at memoriaROM_mips.vhd(18): constant value overflow File: C:/Users/Alberto/INSPER/6 SEM/DESCOMP/AULA13/AULA13_CORRETO/memoriaROM_mips.vhd Line: 18
Warning (10445): VHDL Subtype or Type Declaration warning at memoriaROM_mips.vhd(18): subtype or type has null range File: C:/Users/Alberto/INSPER/6 SEM/DESCOMP/AULA13/AULA13_CORRETO/memoriaROM_mips.vhd Line: 18
Error (10384): VHDL assignment error at memoriaROM_mips.vhd(24): index 0 is outside the range (0 to -1) of object "tmp" File: C:/Users/Alberto/INSPER/6 SEM/DESCOMP/AULA13/AULA13_CORRETO/memoriaROM_mips.vhd Line: 24
Error (12152): Can't elaborate user hierarchy "memoriaROM_mips:ROM1" File: C:/Users/Alberto/INSPER/6 SEM/DESCOMP/AULA13/AULA13_CORRETO/top_level.vhd Line: 61
Error: Quartus Prime Analysis & Synthesis was unsuccessful. 2 errors, 4 warnings
    Error: Peak virtual memory: 4839 megabytes
    Error: Processing ended: Wed May 01 16:33:08 2024
    Error: Elapsed time: 00:00:11
    Error: Total CPU time (on all processors): 00:00:10


